 [1m──────────────────────────────────────────────────────────────────────────────[22m
 [1m                              [22m        Time                   Allocations      
                               ──────────────────────   ───────────────────────
       Tot / % measured:            29.3s / 100%            1.25GiB / 97.6%    

 Section               ncalls     time   %tot     avg     alloc   %tot      avg
 ──────────────────────────────────────────────────────────────────────────────
 Main                       1    29.2s   100%   29.2s   1.22GiB  100%   1.22GiB
   CP loop                  1    28.9s  99.1%   28.9s   1.09GiB  89.6%  1.09GiB
     primal             1.97k    18.6s  63.6%  9.42ms   1.09GiB  89.5%   580KiB
       sdp proj         1.97k    15.9s  54.6%  8.08ms   1.09GiB  89.5%   580KiB
         eigs           1.85k    6.07s  20.8%  3.28ms   98.1MiB  7.87%  54.4KiB
           _AUPD!       1.85k    4.01s  13.8%  2.17ms   3.64MiB  0.29%  2.02KiB
           _EUPD!       1.85k    194ms  0.66%   105μs    115KiB  0.01%        -
           _INIT!       1.85k    980μs  0.00%   530ns   1.16MiB  0.09%        -
         reshape1       1.97k    4.08s  14.0%  2.07ms         -  0.00%        -
         eigfact          123    3.91s  13.4%  31.8ms   0.99GiB  81.6%  8.28MiB
         reshape2       1.97k    1.86s  6.38%   944μs         -  0.00%        -
         get min eig    1.85k    221μs  0.00%   119ns         -  0.00%        -
       linesearch -1    1.97k    1.30s  4.45%   659μs         -  0.00%        -
       linesearch 0     1.97k    716ms  2.46%   364μs         -  0.00%        -
     linesearch 7       8.44k    3.09s  10.6%   366μs         -  0.00%        -
     linesearch 8       8.44k    1.03s  3.52%   122μs         -  0.00%        -
     linesearch 9       8.44k    929ms  3.18%   110μs         -  0.00%        -
     linesearch 10      8.44k    910ms  3.12%   108μs         -  0.00%        -
     linesearch 11      8.44k    725ms  2.49%  85.9μs         -  0.00%        -
     linesearch 12      8.44k   14.4ms  0.05%  1.71μs         -  0.00%        -
     linesearch 1       8.44k   13.3ms  0.05%  1.57μs         -  0.00%        -
     linesearch 5       8.44k   10.4ms  0.04%  1.23μs         -  0.00%        -
     linesearch 2       8.44k   8.60ms  0.03%  1.02μs         -  0.00%        -
     linesearch 3       8.44k   7.45ms  0.03%   883ns         -  0.00%        -
     linesearch 4       8.44k   2.95ms  0.01%   350ns         -  0.00%        -
     linesearch 6       8.44k   2.07ms  0.01%   245ns         -  0.00%        -
   Init                     1    245ms  0.84%   245ms    122MiB  9.76%   122MiB
     Scaling                1   3.24ms  0.01%  3.24ms         -  0.00%        -
 [1m──────────────────────────────────────────────────────────────────────────────[22m
 [1m────────────────────────────────────────────────────────────────────────[22m
 [1m                        [22m        Time                   Allocations      
                         ──────────────────────   ───────────────────────
    Tot / % measured:         29.3s / 100%            1.25GiB / 97.6%    

 Section         ncalls     time   %tot     avg     alloc   %tot      avg
 ────────────────────────────────────────────────────────────────────────
 Main                 1    29.2s   100%   29.2s   1.22GiB  100%   1.22GiB
 CP loop              1    28.9s  99.1%   28.9s   1.09GiB  89.6%  1.09GiB
 primal           1.97k    18.6s  63.6%  9.42ms   1.09GiB  89.5%   580KiB
 sdp proj         1.97k    15.9s  54.6%  8.08ms   1.09GiB  89.5%   580KiB
 eigs             1.85k    6.07s  20.8%  3.28ms   98.1MiB  7.87%  54.4KiB
 reshape1         1.97k    4.08s  14.0%  2.07ms         -  0.00%        -
 _AUPD!           1.85k    4.01s  13.8%  2.17ms   3.64MiB  0.29%  2.02KiB
 eigfact            123    3.91s  13.4%  31.8ms   0.99GiB  81.6%  8.28MiB
 linesearch 7     8.44k    3.09s  10.6%   366μs         -  0.00%        -
 reshape2         1.97k    1.86s  6.38%   944μs         -  0.00%        -
 linesearch -1    1.97k    1.30s  4.45%   659μs         -  0.00%        -
 linesearch 8     8.44k    1.03s  3.52%   122μs         -  0.00%        -
 linesearch 9     8.44k    929ms  3.18%   110μs         -  0.00%        -
 linesearch 10    8.44k    910ms  3.12%   108μs         -  0.00%        -
 linesearch 11    8.44k    725ms  2.49%  85.9μs         -  0.00%        -
 linesearch 0     1.97k    716ms  2.46%   364μs         -  0.00%        -
 Init                 1    245ms  0.84%   245ms    122MiB  9.76%   122MiB
 _EUPD!           1.85k    194ms  0.66%   105μs    115KiB  0.01%        -
 linesearch 12    8.44k   14.4ms  0.05%  1.71μs         -  0.00%        -
 linesearch 1     8.44k   13.3ms  0.05%  1.57μs         -  0.00%        -
 linesearch 5     8.44k   10.4ms  0.04%  1.23μs         -  0.00%        -
 linesearch 2     8.44k   8.60ms  0.03%  1.02μs         -  0.00%        -
 linesearch 3     8.44k   7.45ms  0.03%   883ns         -  0.00%        -
 Scaling              1   3.24ms  0.01%  3.24ms         -  0.00%        -
 linesearch 4     8.44k   2.95ms  0.01%   350ns         -  0.00%        -
 linesearch 6     8.44k   2.07ms  0.01%   245ns         -  0.00%        -
 _INIT!           1.85k    980μs  0.00%   530ns   1.16MiB  0.09%        -
 get min eig      1.85k    221μs  0.00%   119ns         -  0.00%        -
 [1m────────────────────────────────────────────────────────────────────────[22m
