 ──────────────────────────────────────────────────────────────────────────────
                                       Time                   Allocations      
                               ──────────────────────   ───────────────────────
       Tot / % measured:            13.0s / 100%             445MiB / 99.3%    

 Section               ncalls     time   %tot     avg     alloc   %tot      avg
 ──────────────────────────────────────────────────────────────────────────────
 Main                       1    13.0s   100%   13.0s    415MiB  93.9%   415MiB
   CP loop                  1    12.7s  97.2%   12.7s    364MiB  82.2%   364MiB
     primal             1.78k    9.14s  70.1%  5.14ms    363MiB  82.1%   209KiB
       sdp proj         1.78k    8.34s  64.0%  4.69ms    363MiB  82.1%   209KiB
         eigs           1.78k    7.12s  54.6%  4.01ms    363MiB  82.0%   209KiB
         reshape1       1.78k    922ms  7.07%   519μs     0.00B  0.00%    0.00B
         reshape2       1.78k    297ms  2.28%   167μs     0.00B  0.00%    0.00B
       linesearch -1    1.78k    612ms  4.70%   345μs     0.00B  0.00%    0.00B
     residual           1.78k    1.35s  10.3%   759μs     0.00B  0.00%    0.00B
     linesearch 3       7.56k    1.19s  9.15%   158μs     0.00B  0.00%    0.00B
     linesearch 4       7.56k    856ms  6.57%   113μs     0.00B  0.00%    0.00B
     linesearch 1       7.56k   4.59ms  0.04%   607ns     0.00B  0.00%    0.00B
     linesearch 2       7.56k   4.54ms  0.03%   600ns     0.00B  0.00%    0.00B
   Init                     1    353ms  2.71%   353ms   45.8MiB  10.4%  45.8MiB
 proproc                    1   11.3ms  0.09%  11.3ms   27.1MiB  6.13%  27.1MiB
 ──────────────────────────────────────────────────────────────────────────────
 ────────────────────────────────────────────────────────────────────────
                                 Time                   Allocations      
                         ──────────────────────   ───────────────────────
    Tot / % measured:         13.0s / 100%             445MiB / 99.3%    

 Section         ncalls     time   %tot     avg     alloc   %tot      avg
 ────────────────────────────────────────────────────────────────────────
 Main                 1    13.0s   100%   13.0s    415MiB  93.9%   415MiB
 CP loop              1    12.7s  97.2%   12.7s    364MiB  82.2%   364MiB
 primal           1.78k    9.14s  70.1%  5.14ms    363MiB  82.1%   209KiB
 sdp proj         1.78k    8.34s  64.0%  4.69ms    363MiB  82.1%   209KiB
 eigs             1.78k    7.12s  54.6%  4.01ms    363MiB  82.0%   209KiB
 residual         1.78k    1.35s  10.3%   759μs     0.00B  0.00%    0.00B
 linesearch 3     7.56k    1.19s  9.15%   158μs     0.00B  0.00%    0.00B
 reshape1         1.78k    922ms  7.07%   519μs     0.00B  0.00%    0.00B
 linesearch 4     7.56k    856ms  6.57%   113μs     0.00B  0.00%    0.00B
 linesearch -1    1.78k    612ms  4.70%   345μs     0.00B  0.00%    0.00B
 Init                 1    353ms  2.71%   353ms   45.8MiB  10.4%  45.8MiB
 reshape2         1.78k    297ms  2.28%   167μs     0.00B  0.00%    0.00B
 proproc              1   11.3ms  0.09%  11.3ms   27.1MiB  6.13%  27.1MiB
 linesearch 1     7.56k   4.59ms  0.04%   607ns     0.00B  0.00%    0.00B
 linesearch 2     7.56k   4.54ms  0.03%   600ns     0.00B  0.00%    0.00B
 ────────────────────────────────────────────────────────────────────────
