 ──────────────────────────────────────────────────────────────────────────────
                                       Time                   Allocations      
                               ──────────────────────   ───────────────────────
       Tot / % measured:            14.2s / 100%            1.17GiB / 100%     

 Section               ncalls     time   %tot     avg     alloc   %tot      avg
 ──────────────────────────────────────────────────────────────────────────────
 Main                       1    14.1s   100%   14.1s   1.17GiB  100%   1.17GiB
   Init                     1    9.54s  67.6%   9.54s   1.13GiB  97.0%  1.13GiB
   CP loop                  1    4.44s  31.5%   4.44s   33.3MiB  2.78%  33.3MiB
     primal               763    3.97s  28.1%  5.20ms   33.0MiB  2.76%  44.3KiB
       sdp proj           763    3.87s  27.4%  5.07ms   33.0MiB  2.75%  44.3KiB
         eigs             763    3.71s  26.3%  4.86ms   33.0MiB  2.75%  44.2KiB
         reshape1         763   92.5ms  0.66%   121μs     0.00B  0.00%    0.00B
         reshape2         763   53.3ms  0.38%  69.9μs     0.00B  0.00%    0.00B
       linesearch -1      763   75.1ms  0.53%  98.5μs     0.00B  0.00%    0.00B
     linesearch           763    320ms  2.27%   420μs    204KiB  0.02%     274B
       linesearch 3     3.22k    168ms  1.19%  52.2μs     0.00B  0.00%    0.00B
       linesearch 4     3.22k    105ms  0.75%  32.7μs     0.00B  0.00%    0.00B
       linesearch 1     3.22k   6.16ms  0.04%  1.92μs     0.00B  0.00%    0.00B
       linesearch 2     3.22k   5.29ms  0.04%  1.64μs     0.00B  0.00%    0.00B
     residual             763    136ms  0.96%   178μs     0.00B  0.00%    0.00B
 proproc                    1   5.54ms  0.04%  5.54ms   1.71MiB  0.14%  1.71MiB
 ──────────────────────────────────────────────────────────────────────────────
 ────────────────────────────────────────────────────────────────────────
                                 Time                   Allocations      
                         ──────────────────────   ───────────────────────
    Tot / % measured:         14.2s / 100%            1.17GiB / 100%     

 Section         ncalls     time   %tot     avg     alloc   %tot      avg
 ────────────────────────────────────────────────────────────────────────
 Main                 1    14.1s   100%   14.1s   1.17GiB  100%   1.17GiB
 Init                 1    9.54s  67.6%   9.54s   1.13GiB  97.0%  1.13GiB
 CP loop              1    4.44s  31.5%   4.44s   33.3MiB  2.78%  33.3MiB
 primal             763    3.97s  28.1%  5.20ms   33.0MiB  2.76%  44.3KiB
 sdp proj           763    3.87s  27.4%  5.07ms   33.0MiB  2.75%  44.3KiB
 eigs               763    3.71s  26.3%  4.86ms   33.0MiB  2.75%  44.2KiB
 linesearch         763    320ms  2.27%   420μs    204KiB  0.02%     274B
 linesearch 3     3.22k    168ms  1.19%  52.2μs     0.00B  0.00%    0.00B
 residual           763    136ms  0.96%   178μs     0.00B  0.00%    0.00B
 linesearch 4     3.22k    105ms  0.75%  32.7μs     0.00B  0.00%    0.00B
 reshape1           763   92.5ms  0.66%   121μs     0.00B  0.00%    0.00B
 linesearch -1      763   75.1ms  0.53%  98.5μs     0.00B  0.00%    0.00B
 reshape2           763   53.3ms  0.38%  69.9μs     0.00B  0.00%    0.00B
 linesearch 1     3.22k   6.16ms  0.04%  1.92μs     0.00B  0.00%    0.00B
 proproc              1   5.54ms  0.04%  5.54ms   1.71MiB  0.14%  1.71MiB
 linesearch 2     3.22k   5.29ms  0.04%  1.64μs     0.00B  0.00%    0.00B
 ────────────────────────────────────────────────────────────────────────
