 ──────────────────────────────────────────────────────────────────────────────
                                       Time                   Allocations      
                               ──────────────────────   ───────────────────────
       Tot / % measured:            1.94s / 100%            13.2MiB / 97.3%    

 Section               ncalls     time   %tot     avg     alloc   %tot      avg
 ──────────────────────────────────────────────────────────────────────────────
 Main                       1    1.21s  62.7%   1.21s   10.1MiB  78.7%  10.1MiB
   CP loop                  1    1.21s  62.5%   1.21s   5.92MiB  46.2%  5.92MiB
     primal               918    1.07s  55.1%  1.16ms   5.43MiB  42.4%  6.06KiB
       sdp proj           918    1.04s  53.8%  1.14ms   5.40MiB  42.2%  6.03KiB
         eigs             918    1.00s  51.7%  1.09ms   5.26MiB  41.1%  5.87KiB
           _AUPD!         918    911ms  47.1%   992μs   1.05MiB  8.22%  1.18KiB
           _EUPD!         918   56.0ms  2.89%  61.0μs   14.3KiB  0.11%    16.0B
           _INIT!         918    166μs  0.01%   181ns    110KiB  0.84%     122B
         reshape1         918   29.5ms  1.52%  32.2μs     0.00B  0.00%    0.00B
         reshape2         918   10.1ms  0.52%  11.0μs     0.00B  0.00%    0.00B
         get min eig      918    120μs  0.01%   131ns     0.00B  0.00%    0.00B
       linesearch -1      918   19.6ms  1.01%  21.4μs     0.00B  0.00%    0.00B
     linesearch 3       7.03k   60.2ms  3.11%  8.56μs     0.00B  0.00%    0.00B
     linesearch 4       7.03k   37.0ms  1.91%  5.26μs     0.00B  0.00%    0.00B
     residual             918   36.9ms  1.91%  40.2μs     0.00B  0.00%    0.00B
     linesearch 1       7.03k   1.28ms  0.07%   182ns     0.00B  0.00%    0.00B
     linesearch 2       7.03k   1.20ms  0.06%   171ns     0.00B  0.00%    0.00B
   Init                     1   3.21ms  0.17%  3.21ms   3.48MiB  27.2%  3.48MiB
 preproc                    1    723ms  37.3%   723ms   2.73MiB  21.3%  2.73MiB
   transpose                1    620ns  0.00%   620ns     16.0B  0.00%    16.0B
 ──────────────────────────────────────────────────────────────────────────────
 ────────────────────────────────────────────────────────────────────────
                                 Time                   Allocations      
                         ──────────────────────   ───────────────────────
    Tot / % measured:         1.94s / 100%            13.3MiB / 96.7%    

 Section         ncalls     time   %tot     avg     alloc   %tot      avg
 ────────────────────────────────────────────────────────────────────────
 Main                 1    1.21s  62.7%   1.21s   10.1MiB  78.7%  10.1MiB
 CP loop              1    1.21s  62.5%   1.21s   5.92MiB  46.2%  5.92MiB
 primal             918    1.07s  55.1%  1.16ms   5.43MiB  42.4%  6.06KiB
 sdp proj           918    1.04s  53.8%  1.14ms   5.40MiB  42.2%  6.03KiB
 eigs               918    1.00s  51.7%  1.09ms   5.26MiB  41.1%  5.87KiB
 _AUPD!             918    911ms  47.1%   992μs   1.05MiB  8.22%  1.18KiB
 preproc              1    723ms  37.3%   723ms   2.73MiB  21.3%  2.73MiB
 linesearch 3     7.03k   60.2ms  3.11%  8.56μs     0.00B  0.00%    0.00B
 _EUPD!             918   56.0ms  2.89%  61.0μs   14.3KiB  0.11%    16.0B
 linesearch 4     7.03k   37.0ms  1.91%  5.26μs     0.00B  0.00%    0.00B
 residual           918   36.9ms  1.91%  40.2μs     0.00B  0.00%    0.00B
 reshape1           918   29.5ms  1.52%  32.2μs     0.00B  0.00%    0.00B
 linesearch -1      918   19.6ms  1.01%  21.4μs     0.00B  0.00%    0.00B
 reshape2           918   10.1ms  0.52%  11.0μs     0.00B  0.00%    0.00B
 Init                 1   3.21ms  0.17%  3.21ms   3.48MiB  27.2%  3.48MiB
 linesearch 1     7.03k   1.28ms  0.07%   182ns     0.00B  0.00%    0.00B
 linesearch 2     7.03k   1.20ms  0.06%   171ns     0.00B  0.00%    0.00B
 _INIT!             918    166μs  0.01%   181ns    110KiB  0.84%     122B
 get min eig        918    120μs  0.01%   131ns     0.00B  0.00%    0.00B
 transpose            1    620ns  0.00%   620ns     16.0B  0.00%    16.0B
 ────────────────────────────────────────────────────────────────────────
