 ──────────────────────────────────────────────────────────────────────────────
                                       Time                   Allocations      
                               ──────────────────────   ───────────────────────
       Tot / % measured:            1.84s / 2.28%           36.8MiB / 4.53%    

 Section               ncalls     time   %tot     avg     alloc   %tot      avg
 ──────────────────────────────────────────────────────────────────────────────
 proproc                    1   33.5ms  79.6%  33.5ms   1.61MiB  96.7%  1.61MiB
 Main                       1   8.59ms  20.4%  8.59ms   56.4KiB  3.31%  56.4KiB
   CP loop                  1    639μs  1.52%   639μs   28.8KiB  1.69%  28.8KiB
     primal                51   42.2μs  0.10%   827ns   1.63KiB  0.10%    32.6B
       linesearch -1       51   11.0μs  0.03%   216ns     0.00B  0.00%    0.00B
     residual              51   37.3μs  0.09%   731ns     0.00B  0.00%    0.00B
     linesearch 2          51   25.5μs  0.06%   500ns     0.00B  0.00%    0.00B
     linesearch 4          51   13.3μs  0.03%   261ns     0.00B  0.00%    0.00B
     linesearch 3          51   10.6μs  0.03%   207ns     0.00B  0.00%    0.00B
     linesearch 1          51   10.4μs  0.02%   204ns     0.00B  0.00%    0.00B
   Init                     1    107μs  0.26%   107μs   16.8KiB  0.98%  16.8KiB
 ──────────────────────────────────────────────────────────────────────────────
 ────────────────────────────────────────────────────────────────────────
                                 Time                   Allocations      
                         ──────────────────────   ───────────────────────
    Tot / % measured:         1.88s / 2.24%           37.4MiB / 4.45%    

 Section         ncalls     time   %tot     avg     alloc   %tot      avg
 ────────────────────────────────────────────────────────────────────────
 proproc              1   33.5ms  79.6%  33.5ms   1.61MiB  96.7%  1.61MiB
 Main                 1   8.59ms  20.4%  8.59ms   56.4KiB  3.31%  56.4KiB
 CP loop              1    639μs  1.52%   639μs   28.8KiB  1.69%  28.8KiB
 Init                 1    107μs  0.26%   107μs   16.8KiB  0.98%  16.8KiB
 primal              51   42.2μs  0.10%   827ns   1.63KiB  0.10%    32.6B
 residual            51   37.3μs  0.09%   731ns     0.00B  0.00%    0.00B
 linesearch 2        51   25.5μs  0.06%   500ns     0.00B  0.00%    0.00B
 linesearch 4        51   13.3μs  0.03%   261ns     0.00B  0.00%    0.00B
 linesearch -1       51   11.0μs  0.03%   216ns     0.00B  0.00%    0.00B
 linesearch 3        51   10.6μs  0.03%   207ns     0.00B  0.00%    0.00B
 linesearch 1        51   10.4μs  0.02%   204ns     0.00B  0.00%    0.00B
 ────────────────────────────────────────────────────────────────────────
