 ──────────────────────────────────────────────────────────────────────────────
                                       Time                   Allocations      
                               ──────────────────────   ───────────────────────
       Tot / % measured:            19.1s / 100%            1.18GiB / 100%     

 Section               ncalls     time   %tot     avg     alloc   %tot      avg
 ──────────────────────────────────────────────────────────────────────────────
 Main                       1    19.0s   100%   19.0s   1.18GiB  100%   1.18GiB
   Init                     1    12.9s  68.2%   12.9s   1.13GiB  95.9%  1.13GiB
   CP loop                  1    5.95s  31.3%   5.95s   47.5MiB  3.92%  47.5MiB
     primal             1.01k    5.37s  28.3%  5.33ms   47.2MiB  3.89%  47.9KiB
       sdp proj         1.01k    5.27s  27.8%  5.23ms   47.1MiB  3.89%  47.9KiB
         eigs           1.01k    5.11s  26.9%  5.07ms   47.1MiB  3.88%  47.8KiB
         reshape1       1.01k   98.6ms  0.52%  97.9μs     0.00B  0.00%    0.00B
         reshape2       1.01k   54.5ms  0.29%  54.1μs     0.00B  0.00%    0.00B
       linesearch -1    1.01k   74.2ms  0.39%  73.7μs     0.00B  0.00%    0.00B
     linesearch         1.01k    424ms  2.24%   421μs    270KiB  0.02%     274B
       linesearch 3     4.27k    145ms  0.76%  34.0μs     0.00B  0.00%    0.00B
       linesearch 4     4.27k   88.4ms  0.47%  20.7μs     0.00B  0.00%    0.00B
       linesearch 1     4.27k   6.00ms  0.03%  1.41μs     0.00B  0.00%    0.00B
       linesearch 2     4.27k   4.85ms  0.03%  1.14μs     0.00B  0.00%    0.00B
     residual           1.01k    142ms  0.75%   141μs     0.00B  0.00%    0.00B
 proproc                    1   6.60ms  0.03%  6.60ms   1.71MiB  0.14%  1.71MiB
 ──────────────────────────────────────────────────────────────────────────────
 ────────────────────────────────────────────────────────────────────────
                                 Time                   Allocations      
                         ──────────────────────   ───────────────────────
    Tot / % measured:         19.1s / 100%            1.18GiB / 100%     

 Section         ncalls     time   %tot     avg     alloc   %tot      avg
 ────────────────────────────────────────────────────────────────────────
 Main                 1    19.0s   100%   19.0s   1.18GiB  100%   1.18GiB
 Init                 1    12.9s  68.2%   12.9s   1.13GiB  95.9%  1.13GiB
 CP loop              1    5.95s  31.3%   5.95s   47.5MiB  3.92%  47.5MiB
 primal           1.01k    5.37s  28.3%  5.33ms   47.2MiB  3.89%  47.9KiB
 sdp proj         1.01k    5.27s  27.8%  5.23ms   47.1MiB  3.89%  47.9KiB
 eigs             1.01k    5.11s  26.9%  5.07ms   47.1MiB  3.88%  47.8KiB
 linesearch       1.01k    424ms  2.24%   421μs    270KiB  0.02%     274B
 linesearch 3     4.27k    145ms  0.76%  34.0μs     0.00B  0.00%    0.00B
 residual         1.01k    142ms  0.75%   141μs     0.00B  0.00%    0.00B
 reshape1         1.01k   98.6ms  0.52%  97.9μs     0.00B  0.00%    0.00B
 linesearch 4     4.27k   88.4ms  0.47%  20.7μs     0.00B  0.00%    0.00B
 linesearch -1    1.01k   74.2ms  0.39%  73.7μs     0.00B  0.00%    0.00B
 reshape2         1.01k   54.5ms  0.29%  54.1μs     0.00B  0.00%    0.00B
 proproc              1   6.60ms  0.03%  6.60ms   1.71MiB  0.14%  1.71MiB
 linesearch 1     4.27k   6.00ms  0.03%  1.41μs     0.00B  0.00%    0.00B
 linesearch 2     4.27k   4.85ms  0.03%  1.14μs     0.00B  0.00%    0.00B
 ────────────────────────────────────────────────────────────────────────
