 ──────────────────────────────────────────────────────────────────────────────
                                       Time                   Allocations      
                               ──────────────────────   ───────────────────────
       Tot / % measured:            1.95s / 0.27%           35.1MiB / 0.14%    

 Section               ncalls     time   %tot     avg     alloc   %tot      avg
 ──────────────────────────────────────────────────────────────────────────────
 Main                       1   5.23ms   100%  5.23ms   49.7KiB  100%   49.7KiB
   CP loop                  1    485μs  9.28%   485μs   28.4KiB  57.2%  28.4KiB
     primal                51   33.7μs  0.64%   660ns   1.63KiB  3.27%    32.6B
       linesearch -1       51   8.45μs  0.16%   166ns     0.00B  0.00%    0.00B
     residual              51   27.3μs  0.52%   536ns     0.00B  0.00%    0.00B
     linesearch 2          51   11.2μs  0.22%   220ns     0.00B  0.00%    0.00B
     linesearch 3          51   11.0μs  0.21%   215ns     0.00B  0.00%    0.00B
     linesearch 4          51   10.9μs  0.21%   214ns     0.00B  0.00%    0.00B
     linesearch 1          51   8.32μs  0.16%   163ns     0.00B  0.00%    0.00B
   Init                     1   73.1μs  1.40%  73.1μs   13.0KiB  26.2%  13.0KiB
 ──────────────────────────────────────────────────────────────────────────────
 ────────────────────────────────────────────────────────────────────────
                                 Time                   Allocations      
                         ──────────────────────   ───────────────────────
    Tot / % measured:         1.97s / 0.27%           35.8MiB / 0.14%    

 Section         ncalls     time   %tot     avg     alloc   %tot      avg
 ────────────────────────────────────────────────────────────────────────
 Main                 1   5.23ms   100%  5.23ms   49.7KiB  100%   49.7KiB
 CP loop              1    485μs  9.28%   485μs   28.4KiB  57.2%  28.4KiB
 Init                 1   73.1μs  1.40%  73.1μs   13.0KiB  26.2%  13.0KiB
 primal              51   33.7μs  0.64%   660ns   1.63KiB  3.27%    32.6B
 residual            51   27.3μs  0.52%   536ns     0.00B  0.00%    0.00B
 linesearch 2        51   11.2μs  0.22%   220ns     0.00B  0.00%    0.00B
 linesearch 3        51   11.0μs  0.21%   215ns     0.00B  0.00%    0.00B
 linesearch 4        51   10.9μs  0.21%   214ns     0.00B  0.00%    0.00B
 linesearch -1       51   8.45μs  0.16%   166ns     0.00B  0.00%    0.00B
 linesearch 1        51   8.32μs  0.16%   163ns     0.00B  0.00%    0.00B
 ────────────────────────────────────────────────────────────────────────
