 ──────────────────────────────────────────────────────────────────────────────
                                       Time                   Allocations      
                               ──────────────────────   ───────────────────────
       Tot / % measured:            15.0s / 100%            1.18GiB / 100%     

 Section               ncalls     time   %tot     avg     alloc   %tot      avg
 ──────────────────────────────────────────────────────────────────────────────
 Main                       1    14.9s   100%   14.9s   1.18GiB  100%   1.18GiB
   Init                     1    10.6s  71.1%   10.6s   1.13GiB  95.9%  1.13GiB
   CP loop                  1    4.20s  28.2%   4.20s   47.4MiB  3.91%  47.4MiB
     primal               959    3.79s  25.4%  3.95ms   47.1MiB  3.89%  50.3KiB
       sdp proj           959    3.69s  24.8%  3.85ms   47.1MiB  3.89%  50.3KiB
         eigs             959    3.55s  23.8%  3.70ms   47.0MiB  3.88%  50.2KiB
         reshape1         959   92.2ms  0.62%  96.2μs     0.00B  0.00%    0.00B
         reshape2         959   47.6ms  0.32%  49.6μs     0.00B  0.00%    0.00B
       linesearch -1      959   73.4ms  0.49%  76.5μs     0.00B  0.00%    0.00B
     linesearch           959    263ms  1.76%   274μs    258KiB  0.02%     275B
       linesearch 3     4.07k    140ms  0.94%  34.4μs     0.00B  0.00%    0.00B
       linesearch 4     4.07k   89.2ms  0.60%  21.9μs     0.00B  0.00%    0.00B
       linesearch 1     4.07k   5.55ms  0.04%  1.36μs     0.00B  0.00%    0.00B
       linesearch 2     4.07k   4.77ms  0.03%  1.17μs     0.00B  0.00%    0.00B
     residual             959    139ms  0.93%   145μs     0.00B  0.00%    0.00B
 proproc                    1   7.28ms  0.05%  7.28ms   1.71MiB  0.14%  1.71MiB
 ──────────────────────────────────────────────────────────────────────────────
 ────────────────────────────────────────────────────────────────────────
                                 Time                   Allocations      
                         ──────────────────────   ───────────────────────
    Tot / % measured:         15.0s / 100%            1.18GiB / 100%     

 Section         ncalls     time   %tot     avg     alloc   %tot      avg
 ────────────────────────────────────────────────────────────────────────
 Main                 1    14.9s   100%   14.9s   1.18GiB  100%   1.18GiB
 Init                 1    10.6s  71.1%   10.6s   1.13GiB  95.9%  1.13GiB
 CP loop              1    4.20s  28.2%   4.20s   47.4MiB  3.91%  47.4MiB
 primal             959    3.79s  25.4%  3.95ms   47.1MiB  3.89%  50.3KiB
 sdp proj           959    3.69s  24.8%  3.85ms   47.1MiB  3.89%  50.3KiB
 eigs               959    3.55s  23.8%  3.70ms   47.0MiB  3.88%  50.2KiB
 linesearch         959    263ms  1.76%   274μs    258KiB  0.02%     275B
 linesearch 3     4.07k    140ms  0.94%  34.4μs     0.00B  0.00%    0.00B
 residual           959    139ms  0.93%   145μs     0.00B  0.00%    0.00B
 reshape1           959   92.2ms  0.62%  96.2μs     0.00B  0.00%    0.00B
 linesearch 4     4.07k   89.2ms  0.60%  21.9μs     0.00B  0.00%    0.00B
 linesearch -1      959   73.4ms  0.49%  76.5μs     0.00B  0.00%    0.00B
 reshape2           959   47.6ms  0.32%  49.6μs     0.00B  0.00%    0.00B
 proproc              1   7.28ms  0.05%  7.28ms   1.71MiB  0.14%  1.71MiB
 linesearch 1     4.07k   5.55ms  0.04%  1.36μs     0.00B  0.00%    0.00B
 linesearch 2     4.07k   4.77ms  0.03%  1.17μs     0.00B  0.00%    0.00B
 ────────────────────────────────────────────────────────────────────────
