 ──────────────────────────────────────────────────────────────────────────────
                                       Time                   Allocations      
                               ──────────────────────   ───────────────────────
       Tot / % measured:            17.0s / 100%            1.19GiB / 100%     

 Section               ncalls     time   %tot     avg     alloc   %tot      avg
 ──────────────────────────────────────────────────────────────────────────────
 Main                       1    16.9s   100%   16.9s   1.19GiB  100%   1.19GiB
   CP loop                  1    10.4s  61.3%   10.4s   57.7MiB  4.72%  57.7MiB
     primal               939    10.0s  59.0%  10.6ms   57.4MiB  4.70%  62.6KiB
       sdp proj           939    9.85s  58.3%  10.5ms   57.4MiB  4.69%  62.6KiB
         eigs             939    9.71s  57.5%  10.3ms   57.3MiB  4.69%  62.5KiB
         reshape1         939   81.2ms  0.48%  86.4μs     0.00B  0.00%    0.00B
         reshape2         939   48.3ms  0.29%  51.5μs     0.00B  0.00%    0.00B
       linesearch -1      939   66.9ms  0.40%  71.2μs     0.00B  0.00%    0.00B
     linesearch           939    259ms  1.53%   275μs    252KiB  0.02%     274B
       linesearch 3     3.97k    134ms  0.79%  33.7μs     0.00B  0.00%    0.00B
       linesearch 4     3.97k   86.9ms  0.51%  21.9μs     0.00B  0.00%    0.00B
       linesearch 2     3.97k   6.74ms  0.04%  1.70μs     0.00B  0.00%    0.00B
       linesearch 1     3.97k   5.60ms  0.03%  1.41μs     0.00B  0.00%    0.00B
     residual             939    124ms  0.73%   132μs     0.00B  0.00%    0.00B
   Init                     1    5.61s  33.2%   5.61s   1.13GiB  95.1%  1.13GiB
 proproc                    1   7.67ms  0.05%  7.67ms   1.71MiB  0.14%  1.71MiB
 ──────────────────────────────────────────────────────────────────────────────
 ────────────────────────────────────────────────────────────────────────
                                 Time                   Allocations      
                         ──────────────────────   ───────────────────────
    Tot / % measured:         17.0s / 100%            1.19GiB / 100%     

 Section         ncalls     time   %tot     avg     alloc   %tot      avg
 ────────────────────────────────────────────────────────────────────────
 Main                 1    16.9s   100%   16.9s   1.19GiB  100%   1.19GiB
 CP loop              1    10.4s  61.3%   10.4s   57.7MiB  4.72%  57.7MiB
 primal             939    10.0s  59.0%  10.6ms   57.4MiB  4.70%  62.6KiB
 sdp proj           939    9.85s  58.3%  10.5ms   57.4MiB  4.69%  62.6KiB
 eigs               939    9.71s  57.5%  10.3ms   57.3MiB  4.69%  62.5KiB
 Init                 1    5.61s  33.2%   5.61s   1.13GiB  95.1%  1.13GiB
 linesearch         939    259ms  1.53%   275μs    252KiB  0.02%     274B
 linesearch 3     3.97k    134ms  0.79%  33.7μs     0.00B  0.00%    0.00B
 residual           939    124ms  0.73%   132μs     0.00B  0.00%    0.00B
 linesearch 4     3.97k   86.9ms  0.51%  21.9μs     0.00B  0.00%    0.00B
 reshape1           939   81.2ms  0.48%  86.4μs     0.00B  0.00%    0.00B
 linesearch -1      939   66.9ms  0.40%  71.2μs     0.00B  0.00%    0.00B
 reshape2           939   48.3ms  0.29%  51.5μs     0.00B  0.00%    0.00B
 proproc              1   7.67ms  0.05%  7.67ms   1.71MiB  0.14%  1.71MiB
 linesearch 2     3.97k   6.74ms  0.04%  1.70μs     0.00B  0.00%    0.00B
 linesearch 1     3.97k   5.60ms  0.03%  1.41μs     0.00B  0.00%    0.00B
 ────────────────────────────────────────────────────────────────────────
